ERROR 2017-09-14 23:27:15,137 16155ms NewsController         Create             - Test error log
ERROR 2017-09-15 07:25:30,555 10114ms NewsController         Create             - Test error log
ERROR 2017-09-15 07:25:38,735 18294ms NewsDbProvider         Add                - Test error log from NewsDbProvider
ERROR 2017-09-18 23:27:16,868 34531ms MvcApplication         Application_Error  - System.Web.HttpException (0x80004005): The controller for path '/k' was not found or does not implement IController.
   в System.Web.Mvc.DefaultControllerFactory.GetControllerInstance(RequestContext requestContext, Type controllerType)
   в System.Web.Mvc.DefaultControllerFactory.CreateController(RequestContext requestContext, String controllerName)
   в System.Web.Mvc.MvcHandler.ProcessRequestInit(HttpContextBase httpContext, IController& controller, IControllerFactory& factory)
   в System.Web.Mvc.MvcHandler.BeginProcessRequest(HttpContextBase httpContext, AsyncCallback callback, Object state)
   в System.Web.Mvc.MvcHandler.BeginProcessRequest(HttpContext httpContext, AsyncCallback callback, Object state)
   в System.Web.Mvc.MvcHandler.System.Web.IHttpAsyncHandler.BeginProcessRequest(HttpContext context, AsyncCallback cb, Object extraData)
   в System.Web.HttpApplication.CallHandlerExecutionStep.System.Web.HttpApplication.IExecutionStep.Execute()
   в System.Web.HttpApplication.ExecuteStep(IExecutionStep step, Boolean& completedSynchronously)
ERROR 2017-09-18 23:28:13,436  3536ms MvcApplication         Application_Error  - System.Web.HttpException (0x80004005): The controller for path '/k' was not found or does not implement IController.
   в System.Web.Mvc.DefaultControllerFactory.GetControllerInstance(RequestContext requestContext, Type controllerType)
   в System.Web.Mvc.DefaultControllerFactory.CreateController(RequestContext requestContext, String controllerName)
   в System.Web.Mvc.MvcHandler.ProcessRequestInit(HttpContextBase httpContext, IController& controller, IControllerFactory& factory)
   в System.Web.Mvc.MvcHandler.BeginProcessRequest(HttpContextBase httpContext, AsyncCallback callback, Object state)
   в System.Web.Mvc.MvcHandler.BeginProcessRequest(HttpContext httpContext, AsyncCallback callback, Object state)
   в System.Web.Mvc.MvcHandler.System.Web.IHttpAsyncHandler.BeginProcessRequest(HttpContext context, AsyncCallback cb, Object extraData)
   в System.Web.HttpApplication.CallHandlerExecutionStep.System.Web.HttpApplication.IExecutionStep.Execute()
   в System.Web.HttpApplication.ExecuteStep(IExecutionStep step, Boolean& completedSynchronously)
ERROR 2017-09-18 23:29:59,863  6956ms MvcApplication         Application_Error  - System.Web.HttpException (0x80004005): The controller for path '/k' was not found or does not implement IController.
   в System.Web.Mvc.DefaultControllerFactory.GetControllerInstance(RequestContext requestContext, Type controllerType)
   в System.Web.Mvc.DefaultControllerFactory.CreateController(RequestContext requestContext, String controllerName)
   в System.Web.Mvc.MvcHandler.ProcessRequestInit(HttpContextBase httpContext, IController& controller, IControllerFactory& factory)
   в System.Web.Mvc.MvcHandler.BeginProcessRequest(HttpContextBase httpContext, AsyncCallback callback, Object state)
   в System.Web.Mvc.MvcHandler.BeginProcessRequest(HttpContext httpContext, AsyncCallback callback, Object state)
   в System.Web.Mvc.MvcHandler.System.Web.IHttpAsyncHandler.BeginProcessRequest(HttpContext context, AsyncCallback cb, Object extraData)
   в System.Web.HttpApplication.CallHandlerExecutionStep.System.Web.HttpApplication.IExecutionStep.Execute()
   в System.Web.HttpApplication.ExecuteStep(IExecutionStep step, Boolean& completedSynchronously)
ERROR 2017-09-18 23:30:58,776 65870ms MvcApplication         Application_Error  - System.Web.HttpException (0x80004005): A public action method 'k' was not found on controller 'Schedule.Controllers.NewsController'.
   в System.Web.Mvc.Controller.HandleUnknownAction(String actionName)
   в System.Web.Mvc.Controller.<BeginExecuteCore>b__1d(IAsyncResult asyncResult, ExecuteCoreState innerState)
   в System.Web.Mvc.Async.AsyncResultWrapper.WrappedAsyncVoid`1.CallEndDelegate(IAsyncResult asyncResult)
   в System.Web.Mvc.Async.AsyncResultWrapper.WrappedAsyncResultBase`1.End()
   в System.Web.Mvc.Controller.EndExecuteCore(IAsyncResult asyncResult)
   в System.Web.Mvc.Controller.<BeginExecute>b__15(IAsyncResult asyncResult, Controller controller)
   в System.Web.Mvc.Async.AsyncResultWrapper.WrappedAsyncVoid`1.CallEndDelegate(IAsyncResult asyncResult)
   в System.Web.Mvc.Async.AsyncResultWrapper.WrappedAsyncResultBase`1.End()
   в System.Web.Mvc.Controller.EndExecute(IAsyncResult asyncResult)
   в System.Web.Mvc.Controller.System.Web.Mvc.Async.IAsyncController.EndExecute(IAsyncResult asyncResult)
   в System.Web.Mvc.MvcHandler.<BeginProcessRequest>b__5(IAsyncResult asyncResult, ProcessRequestState innerState)
   в System.Web.Mvc.Async.AsyncResultWrapper.WrappedAsyncVoid`1.CallEndDelegate(IAsyncResult asyncResult)
   в System.Web.Mvc.Async.AsyncResultWrapper.WrappedAsyncResultBase`1.End()
   в System.Web.Mvc.MvcHandler.EndProcessRequest(IAsyncResult asyncResult)
   в System.Web.Mvc.MvcHandler.System.Web.IHttpAsyncHandler.EndProcessRequest(IAsyncResult result)
   в System.Web.HttpApplication.CallHandlerExecutionStep.System.Web.HttpApplication.IExecutionStep.Execute()
   в System.Web.HttpApplication.ExecuteStep(IExecutionStep step, Boolean& completedSynchronously)
ERROR 2017-09-18 23:45:22,104  4627ms MvcApplication         Application_Error  - System.Web.HttpException (0x80004005): The controller for path '/l' was not found or does not implement IController.
   в System.Web.Mvc.DefaultControllerFactory.GetControllerInstance(RequestContext requestContext, Type controllerType)
   в System.Web.Mvc.DefaultControllerFactory.CreateController(RequestContext requestContext, String controllerName)
   в System.Web.Mvc.MvcHandler.ProcessRequestInit(HttpContextBase httpContext, IController& controller, IControllerFactory& factory)
   в System.Web.Mvc.MvcHandler.BeginProcessRequest(HttpContextBase httpContext, AsyncCallback callback, Object state)
   в System.Web.Mvc.MvcHandler.BeginProcessRequest(HttpContext httpContext, AsyncCallback callback, Object state)
   в System.Web.Mvc.MvcHandler.System.Web.IHttpAsyncHandler.BeginProcessRequest(HttpContext context, AsyncCallback cb, Object extraData)
   в System.Web.HttpApplication.CallHandlerExecutionStep.System.Web.HttpApplication.IExecutionStep.Execute()
   в System.Web.HttpApplication.ExecuteStep(IExecutionStep step, Boolean& completedSynchronously)
ERROR 2017-09-18 23:49:17,021  9029ms MvcApplication         Application_Error  - System.Web.HttpException (0x80004005): The controller for path '/k' was not found or does not implement IController.
   в System.Web.Mvc.DefaultControllerFactory.GetControllerInstance(RequestContext requestContext, Type controllerType)
   в System.Web.Mvc.DefaultControllerFactory.CreateController(RequestContext requestContext, String controllerName)
   в System.Web.Mvc.MvcHandler.ProcessRequestInit(HttpContextBase httpContext, IController& controller, IControllerFactory& factory)
   в System.Web.Mvc.MvcHandler.BeginProcessRequest(HttpContextBase httpContext, AsyncCallback callback, Object state)
   в System.Web.Mvc.MvcHandler.BeginProcessRequest(HttpContext httpContext, AsyncCallback callback, Object state)
   в System.Web.Mvc.MvcHandler.System.Web.IHttpAsyncHandler.BeginProcessRequest(HttpContext context, AsyncCallback cb, Object extraData)
   в System.Web.HttpApplication.CallHandlerExecutionStep.System.Web.HttpApplication.IExecutionStep.Execute()
   в System.Web.HttpApplication.ExecuteStep(IExecutionStep step, Boolean& completedSynchronously)
ERROR 2017-09-18 23:49:28,593 20601ms MvcApplication         Application_Error  - System.Web.HttpException (0x80004005): A public action method 'k' was not found on controller 'Schedule.Controllers.HomeController'.
   в System.Web.Mvc.Controller.HandleUnknownAction(String actionName)
   в System.Web.Mvc.Controller.<BeginExecuteCore>b__1d(IAsyncResult asyncResult, ExecuteCoreState innerState)
   в System.Web.Mvc.Async.AsyncResultWrapper.WrappedAsyncVoid`1.CallEndDelegate(IAsyncResult asyncResult)
   в System.Web.Mvc.Async.AsyncResultWrapper.WrappedAsyncResultBase`1.End()
   в System.Web.Mvc.Controller.EndExecuteCore(IAsyncResult asyncResult)
   в System.Web.Mvc.Controller.<BeginExecute>b__15(IAsyncResult asyncResult, Controller controller)
   в System.Web.Mvc.Async.AsyncResultWrapper.WrappedAsyncVoid`1.CallEndDelegate(IAsyncResult asyncResult)
   в System.Web.Mvc.Async.AsyncResultWrapper.WrappedAsyncResultBase`1.End()
   в System.Web.Mvc.Controller.EndExecute(IAsyncResult asyncResult)
   в System.Web.Mvc.Controller.System.Web.Mvc.Async.IAsyncController.EndExecute(IAsyncResult asyncResult)
   в System.Web.Mvc.MvcHandler.<BeginProcessRequest>b__5(IAsyncResult asyncResult, ProcessRequestState innerState)
   в System.Web.Mvc.Async.AsyncResultWrapper.WrappedAsyncVoid`1.CallEndDelegate(IAsyncResult asyncResult)
   в System.Web.Mvc.Async.AsyncResultWrapper.WrappedAsyncResultBase`1.End()
   в System.Web.Mvc.MvcHandler.EndProcessRequest(IAsyncResult asyncResult)
   в System.Web.Mvc.MvcHandler.System.Web.IHttpAsyncHandler.EndProcessRequest(IAsyncResult result)
   в System.Web.HttpApplication.CallHandlerExecutionStep.System.Web.HttpApplication.IExecutionStep.Execute()
   в System.Web.HttpApplication.ExecuteStep(IExecutionStep step, Boolean& completedSynchronously)
ERROR 2017-09-19 00:04:36,875  7191ms MvcApplication         Application_Error  - System.Web.HttpException (0x80004005): The controller for path '/k' was not found or does not implement IController.
   в System.Web.Mvc.DefaultControllerFactory.GetControllerInstance(RequestContext requestContext, Type controllerType)
   в System.Web.Mvc.DefaultControllerFactory.CreateController(RequestContext requestContext, String controllerName)
   в System.Web.Mvc.MvcHandler.ProcessRequestInit(HttpContextBase httpContext, IController& controller, IControllerFactory& factory)
   в System.Web.Mvc.MvcHandler.BeginProcessRequest(HttpContextBase httpContext, AsyncCallback callback, Object state)
   в System.Web.Mvc.MvcHandler.BeginProcessRequest(HttpContext httpContext, AsyncCallback callback, Object state)
   в System.Web.Mvc.MvcHandler.System.Web.IHttpAsyncHandler.BeginProcessRequest(HttpContext context, AsyncCallback cb, Object extraData)
   в System.Web.HttpApplication.CallHandlerExecutionStep.System.Web.HttpApplication.IExecutionStep.Execute()
   в System.Web.HttpApplication.ExecuteStep(IExecutionStep step, Boolean& completedSynchronously)
ERROR 2017-09-19 00:09:05,575  7121ms MvcApplication         Application_Error  - System.Web.HttpException (0x80004005): The controller for path '/new/k' was not found or does not implement IController.
   в System.Web.Mvc.DefaultControllerFactory.GetControllerInstance(RequestContext requestContext, Type controllerType)
   в System.Web.Mvc.DefaultControllerFactory.CreateController(RequestContext requestContext, String controllerName)
   в System.Web.Mvc.MvcHandler.ProcessRequestInit(HttpContextBase httpContext, IController& controller, IControllerFactory& factory)
   в System.Web.Mvc.MvcHandler.BeginProcessRequest(HttpContextBase httpContext, AsyncCallback callback, Object state)
   в System.Web.Mvc.MvcHandler.BeginProcessRequest(HttpContext httpContext, AsyncCallback callback, Object state)
   в System.Web.Mvc.MvcHandler.System.Web.IHttpAsyncHandler.BeginProcessRequest(HttpContext context, AsyncCallback cb, Object extraData)
   в System.Web.HttpApplication.CallHandlerExecutionStep.System.Web.HttpApplication.IExecutionStep.Execute()
   в System.Web.HttpApplication.ExecuteStep(IExecutionStep step, Boolean& completedSynchronously)
ERROR 2017-09-19 00:26:26,190  4398ms MvcApplication         Application_Error  - System.Web.HttpException (0x80004005): The controller for path '/k' was not found or does not implement IController.
   в System.Web.Mvc.DefaultControllerFactory.GetControllerInstance(RequestContext requestContext, Type controllerType)
   в System.Web.Mvc.DefaultControllerFactory.CreateController(RequestContext requestContext, String controllerName)
   в System.Web.Mvc.MvcHandler.ProcessRequestInit(HttpContextBase httpContext, IController& controller, IControllerFactory& factory)
   в System.Web.Mvc.MvcHandler.BeginProcessRequest(HttpContextBase httpContext, AsyncCallback callback, Object state)
   в System.Web.Mvc.MvcHandler.BeginProcessRequest(HttpContext httpContext, AsyncCallback callback, Object state)
   в System.Web.Mvc.MvcHandler.System.Web.IHttpAsyncHandler.BeginProcessRequest(HttpContext context, AsyncCallback cb, Object extraData)
   в System.Web.HttpApplication.CallHandlerExecutionStep.System.Web.HttpApplication.IExecutionStep.Execute()
   в System.Web.HttpApplication.ExecuteStep(IExecutionStep step, Boolean& completedSynchronously)
ERROR 2017-09-19 00:26:33,730 11938ms MvcApplication         Application_Error  - System.Web.HttpException (0x80004005): A public action method 'Http40l4' was not found on controller 'Schedule.Controllers.ErrorController'.
   в System.Web.Mvc.Controller.HandleUnknownAction(String actionName)
   в System.Web.Mvc.Controller.<BeginExecuteCore>b__1d(IAsyncResult asyncResult, ExecuteCoreState innerState)
   в System.Web.Mvc.Async.AsyncResultWrapper.WrappedAsyncVoid`1.CallEndDelegate(IAsyncResult asyncResult)
   в System.Web.Mvc.Async.AsyncResultWrapper.WrappedAsyncResultBase`1.End()
   в System.Web.Mvc.Controller.EndExecuteCore(IAsyncResult asyncResult)
   в System.Web.Mvc.Controller.<BeginExecute>b__15(IAsyncResult asyncResult, Controller controller)
   в System.Web.Mvc.Async.AsyncResultWrapper.WrappedAsyncVoid`1.CallEndDelegate(IAsyncResult asyncResult)
   в System.Web.Mvc.Async.AsyncResultWrapper.WrappedAsyncResultBase`1.End()
   в System.Web.Mvc.Controller.EndExecute(IAsyncResult asyncResult)
   в System.Web.Mvc.Controller.System.Web.Mvc.Async.IAsyncController.EndExecute(IAsyncResult asyncResult)
   в System.Web.Mvc.MvcHandler.<BeginProcessRequest>b__5(IAsyncResult asyncResult, ProcessRequestState innerState)
   в System.Web.Mvc.Async.AsyncResultWrapper.WrappedAsyncVoid`1.CallEndDelegate(IAsyncResult asyncResult)
   в System.Web.Mvc.Async.AsyncResultWrapper.WrappedAsyncResultBase`1.End()
   в System.Web.Mvc.MvcHandler.EndProcessRequest(IAsyncResult asyncResult)
   в System.Web.Mvc.MvcHandler.System.Web.IHttpAsyncHandler.EndProcessRequest(IAsyncResult result)
   в System.Web.HttpApplication.CallHandlerExecutionStep.System.Web.HttpApplication.IExecutionStep.Execute()
   в System.Web.HttpApplication.ExecuteStep(IExecutionStep step, Boolean& completedSynchronously)
ERROR 2017-09-19 00:59:35,519  6307ms MvcApplication         Application_Error  - System.Web.HttpException (0x80004005): The controller for path '/k' was not found or does not implement IController.
   в System.Web.Mvc.DefaultControllerFactory.GetControllerInstance(RequestContext requestContext, Type controllerType)
   в System.Web.Mvc.DefaultControllerFactory.CreateController(RequestContext requestContext, String controllerName)
   в System.Web.Mvc.MvcHandler.ProcessRequestInit(HttpContextBase httpContext, IController& controller, IControllerFactory& factory)
   в System.Web.Mvc.MvcHandler.BeginProcessRequest(HttpContextBase httpContext, AsyncCallback callback, Object state)
   в System.Web.Mvc.MvcHandler.BeginProcessRequest(HttpContext httpContext, AsyncCallback callback, Object state)
   в System.Web.Mvc.MvcHandler.System.Web.IHttpAsyncHandler.BeginProcessRequest(HttpContext context, AsyncCallback cb, Object extraData)
   в System.Web.HttpApplication.CallHandlerExecutionStep.System.Web.HttpApplication.IExecutionStep.Execute()
   в System.Web.HttpApplication.ExecuteStep(IExecutionStep step, Boolean& completedSynchronously)
ERROR 2017-09-19 00:59:43,604 14392ms MvcApplication         Application_Error  - System.Web.HttpException (0x80004005): The controller for path '/q' was not found or does not implement IController.
   в System.Web.Mvc.DefaultControllerFactory.GetControllerInstance(RequestContext requestContext, Type controllerType)
   в System.Web.Mvc.DefaultControllerFactory.CreateController(RequestContext requestContext, String controllerName)
   в System.Web.Mvc.MvcHandler.ProcessRequestInit(HttpContextBase httpContext, IController& controller, IControllerFactory& factory)
   в System.Web.Mvc.MvcHandler.BeginProcessRequest(HttpContextBase httpContext, AsyncCallback callback, Object state)
   в System.Web.Mvc.MvcHandler.BeginProcessRequest(HttpContext httpContext, AsyncCallback callback, Object state)
   в System.Web.Mvc.MvcHandler.System.Web.IHttpAsyncHandler.BeginProcessRequest(HttpContext context, AsyncCallback cb, Object extraData)
   в System.Web.HttpApplication.CallHandlerExecutionStep.System.Web.HttpApplication.IExecutionStep.Execute()
   в System.Web.HttpApplication.ExecuteStep(IExecutionStep step, Boolean& completedSynchronously)
ERROR 2017-09-19 01:01:20,985  5000ms MvcApplication         Application_Error  - System.Web.HttpException (0x80004005): The controller for path '/k' was not found or does not implement IController.
   в System.Web.Mvc.DefaultControllerFactory.GetControllerInstance(RequestContext requestContext, Type controllerType)
   в System.Web.Mvc.DefaultControllerFactory.CreateController(RequestContext requestContext, String controllerName)
   в System.Web.Mvc.MvcHandler.ProcessRequestInit(HttpContextBase httpContext, IController& controller, IControllerFactory& factory)
   в System.Web.Mvc.MvcHandler.BeginProcessRequest(HttpContextBase httpContext, AsyncCallback callback, Object state)
   в System.Web.Mvc.MvcHandler.BeginProcessRequest(HttpContext httpContext, AsyncCallback callback, Object state)
   в System.Web.Mvc.MvcHandler.System.Web.IHttpAsyncHandler.BeginProcessRequest(HttpContext context, AsyncCallback cb, Object extraData)
   в System.Web.HttpApplication.CallHandlerExecutionStep.System.Web.HttpApplication.IExecutionStep.Execute()
   в System.Web.HttpApplication.ExecuteStep(IExecutionStep step, Boolean& completedSynchronously)
ERROR 2017-09-19 01:04:26,105  7031ms MvcApplication         Application_Error  - System.Web.HttpException (0x80004005): The controller for path '/kk' was not found or does not implement IController.
   в System.Web.Mvc.DefaultControllerFactory.GetControllerInstance(RequestContext requestContext, Type controllerType)
   в System.Web.Mvc.DefaultControllerFactory.CreateController(RequestContext requestContext, String controllerName)
   в System.Web.Mvc.MvcHandler.ProcessRequestInit(HttpContextBase httpContext, IController& controller, IControllerFactory& factory)
   в System.Web.Mvc.MvcHandler.BeginProcessRequest(HttpContextBase httpContext, AsyncCallback callback, Object state)
   в System.Web.Mvc.MvcHandler.BeginProcessRequest(HttpContext httpContext, AsyncCallback callback, Object state)
   в System.Web.Mvc.MvcHandler.System.Web.IHttpAsyncHandler.BeginProcessRequest(HttpContext context, AsyncCallback cb, Object extraData)
   в System.Web.HttpApplication.CallHandlerExecutionStep.System.Web.HttpApplication.IExecutionStep.Execute()
   в System.Web.HttpApplication.ExecuteStep(IExecutionStep step, Boolean& completedSynchronously)
ERROR 2017-09-19 01:07:36,842  4583ms MvcApplication         Application_Error  - System.Web.HttpException (0x80004005): The controller for path '/k' was not found or does not implement IController.
   в System.Web.Mvc.DefaultControllerFactory.GetControllerInstance(RequestContext requestContext, Type controllerType)
   в System.Web.Mvc.DefaultControllerFactory.CreateController(RequestContext requestContext, String controllerName)
   в System.Web.Mvc.MvcHandler.ProcessRequestInit(HttpContextBase httpContext, IController& controller, IControllerFactory& factory)
   в System.Web.Mvc.MvcHandler.BeginProcessRequest(HttpContextBase httpContext, AsyncCallback callback, Object state)
   в System.Web.Mvc.MvcHandler.BeginProcessRequest(HttpContext httpContext, AsyncCallback callback, Object state)
   в System.Web.Mvc.MvcHandler.System.Web.IHttpAsyncHandler.BeginProcessRequest(HttpContext context, AsyncCallback cb, Object extraData)
   в System.Web.HttpApplication.CallHandlerExecutionStep.System.Web.HttpApplication.IExecutionStep.Execute()
   в System.Web.HttpApplication.ExecuteStep(IExecutionStep step, Boolean& completedSynchronously)
ERROR 2017-09-19 01:07:43,472 11213ms MvcApplication         Application_Error  - System.Web.HttpException (0x80004005): The controller for path '/k' was not found or does not implement IController.
   в System.Web.Mvc.DefaultControllerFactory.GetControllerInstance(RequestContext requestContext, Type controllerType)
   в System.Web.Mvc.DefaultControllerFactory.CreateController(RequestContext requestContext, String controllerName)
   в System.Web.Mvc.MvcHandler.ProcessRequestInit(HttpContextBase httpContext, IController& controller, IControllerFactory& factory)
   в System.Web.Mvc.MvcHandler.BeginProcessRequest(HttpContextBase httpContext, AsyncCallback callback, Object state)
   в System.Web.Mvc.MvcHandler.BeginProcessRequest(HttpContext httpContext, AsyncCallback callback, Object state)
   в System.Web.Mvc.MvcHandler.System.Web.IHttpAsyncHandler.BeginProcessRequest(HttpContext context, AsyncCallback cb, Object extraData)
   в System.Web.HttpApplication.CallHandlerExecutionStep.System.Web.HttpApplication.IExecutionStep.Execute()
   в System.Web.HttpApplication.ExecuteStep(IExecutionStep step, Boolean& completedSynchronously)
ERROR 2017-09-19 01:09:30,356  5810ms MvcApplication         Application_Error  - System.Web.HttpException (0x80004005): The controller for path '/k' was not found or does not implement IController.
   в System.Web.Mvc.DefaultControllerFactory.GetControllerInstance(RequestContext requestContext, Type controllerType)
   в System.Web.Mvc.DefaultControllerFactory.CreateController(RequestContext requestContext, String controllerName)
   в System.Web.Mvc.MvcHandler.ProcessRequestInit(HttpContextBase httpContext, IController& controller, IControllerFactory& factory)
   в System.Web.Mvc.MvcHandler.BeginProcessRequest(HttpContextBase httpContext, AsyncCallback callback, Object state)
   в System.Web.Mvc.MvcHandler.BeginProcessRequest(HttpContext httpContext, AsyncCallback callback, Object state)
   в System.Web.Mvc.MvcHandler.System.Web.IHttpAsyncHandler.BeginProcessRequest(HttpContext context, AsyncCallback cb, Object extraData)
   в System.Web.HttpApplication.CallHandlerExecutionStep.System.Web.HttpApplication.IExecutionStep.Execute()
   в System.Web.HttpApplication.ExecuteStep(IExecutionStep step, Boolean& completedSynchronously)
ERROR 2017-09-19 01:15:05,817  6762ms MvcApplication         Application_Error  - System.Web.HttpException (0x80004005): The controller for path '/k' was not found or does not implement IController.
   в System.Web.Mvc.DefaultControllerFactory.GetControllerInstance(RequestContext requestContext, Type controllerType)
   в System.Web.Mvc.DefaultControllerFactory.CreateController(RequestContext requestContext, String controllerName)
   в System.Web.Mvc.MvcHandler.ProcessRequestInit(HttpContextBase httpContext, IController& controller, IControllerFactory& factory)
   в System.Web.Mvc.MvcHandler.BeginProcessRequest(HttpContextBase httpContext, AsyncCallback callback, Object state)
   в System.Web.Mvc.MvcHandler.BeginProcessRequest(HttpContext httpContext, AsyncCallback callback, Object state)
   в System.Web.Mvc.MvcHandler.System.Web.IHttpAsyncHandler.BeginProcessRequest(HttpContext context, AsyncCallback cb, Object extraData)
   в System.Web.HttpApplication.CallHandlerExecutionStep.System.Web.HttpApplication.IExecutionStep.Execute()
   в System.Web.HttpApplication.ExecuteStep(IExecutionStep step, Boolean& completedSynchronously)
ERROR 2017-09-19 01:15:10,336 11282ms MvcApplication         Application_Error  - System.Web.HttpException (0x80004005): The controller for path '/iu9' was not found or does not implement IController.
   в System.Web.Mvc.DefaultControllerFactory.GetControllerInstance(RequestContext requestContext, Type controllerType)
   в System.Web.Mvc.DefaultControllerFactory.CreateController(RequestContext requestContext, String controllerName)
   в System.Web.Mvc.MvcHandler.ProcessRequestInit(HttpContextBase httpContext, IController& controller, IControllerFactory& factory)
   в System.Web.Mvc.MvcHandler.BeginProcessRequest(HttpContextBase httpContext, AsyncCallback callback, Object state)
   в System.Web.Mvc.MvcHandler.BeginProcessRequest(HttpContext httpContext, AsyncCallback callback, Object state)
   в System.Web.Mvc.MvcHandler.System.Web.IHttpAsyncHandler.BeginProcessRequest(HttpContext context, AsyncCallback cb, Object extraData)
   в System.Web.HttpApplication.CallHandlerExecutionStep.System.Web.HttpApplication.IExecutionStep.Execute()
   в System.Web.HttpApplication.ExecuteStep(IExecutionStep step, Boolean& completedSynchronously)
ERROR 2017-09-19 01:15:14,283 15229ms MvcApplication         Application_Error  - System.Web.HttpException (0x80004005): The controller for path '/12' was not found or does not implement IController.
   в System.Web.Mvc.DefaultControllerFactory.GetControllerInstance(RequestContext requestContext, Type controllerType)
   в System.Web.Mvc.DefaultControllerFactory.CreateController(RequestContext requestContext, String controllerName)
   в System.Web.Mvc.MvcHandler.ProcessRequestInit(HttpContextBase httpContext, IController& controller, IControllerFactory& factory)
   в System.Web.Mvc.MvcHandler.BeginProcessRequest(HttpContextBase httpContext, AsyncCallback callback, Object state)
   в System.Web.Mvc.MvcHandler.BeginProcessRequest(HttpContext httpContext, AsyncCallback callback, Object state)
   в System.Web.Mvc.MvcHandler.System.Web.IHttpAsyncHandler.BeginProcessRequest(HttpContext context, AsyncCallback cb, Object extraData)
   в System.Web.HttpApplication.CallHandlerExecutionStep.System.Web.HttpApplication.IExecutionStep.Execute()
   в System.Web.HttpApplication.ExecuteStep(IExecutionStep step, Boolean& completedSynchronously)
ERROR 2017-09-19 01:25:32,520  6075ms MvcApplication         Application_Error  - System.Web.HttpException (0x80004005): The controller for path '/123' was not found or does not implement IController.
   в System.Web.Mvc.DefaultControllerFactory.GetControllerInstance(RequestContext requestContext, Type controllerType)
   в System.Web.Mvc.DefaultControllerFactory.CreateController(RequestContext requestContext, String controllerName)
   в System.Web.Mvc.MvcHandler.ProcessRequestInit(HttpContextBase httpContext, IController& controller, IControllerFactory& factory)
   в System.Web.Mvc.MvcHandler.BeginProcessRequest(HttpContextBase httpContext, AsyncCallback callback, Object state)
   в System.Web.Mvc.MvcHandler.BeginProcessRequest(HttpContext httpContext, AsyncCallback callback, Object state)
   в System.Web.Mvc.MvcHandler.System.Web.IHttpAsyncHandler.BeginProcessRequest(HttpContext context, AsyncCallback cb, Object extraData)
   в System.Web.HttpApplication.CallHandlerExecutionStep.System.Web.HttpApplication.IExecutionStep.Execute()
   в System.Web.HttpApplication.ExecuteStep(IExecutionStep step, Boolean& completedSynchronously)
ERROR 2017-09-19 01:38:04,671  8900ms MvcApplication         Application_Error  - System.Web.HttpException (0x80004005): The controller for path '/lk' was not found or does not implement IController.
   в System.Web.Mvc.DefaultControllerFactory.GetControllerInstance(RequestContext requestContext, Type controllerType)
   в System.Web.Mvc.DefaultControllerFactory.CreateController(RequestContext requestContext, String controllerName)
   в System.Web.Mvc.MvcHandler.ProcessRequestInit(HttpContextBase httpContext, IController& controller, IControllerFactory& factory)
   в System.Web.Mvc.MvcHandler.BeginProcessRequest(HttpContextBase httpContext, AsyncCallback callback, Object state)
   в System.Web.Mvc.MvcHandler.BeginProcessRequest(HttpContext httpContext, AsyncCallback callback, Object state)
   в System.Web.Mvc.MvcHandler.System.Web.IHttpAsyncHandler.BeginProcessRequest(HttpContext context, AsyncCallback cb, Object extraData)
   в System.Web.HttpApplication.CallHandlerExecutionStep.System.Web.HttpApplication.IExecutionStep.Execute()
   в System.Web.HttpApplication.ExecuteStep(IExecutionStep step, Boolean& completedSynchronously)
ERROR 2017-09-21 11:23:06,591  6461ms MvcApplication         Application_Error  - The controller for path '/l' was not found or does not implement IController.
ERROR 2017-09-21 11:25:34,272  3083ms MvcApplication         Application_Error  - The controller for path '/l' was not found or does not implement IController.
ERROR 2017-09-21 11:26:42,593  3954ms MvcApplication         Application_Error  - The controller for path '/k' was not found or does not implement IController.
ERROR 2017-09-21 11:28:10,083  4720ms MvcApplication         Application_Error  - The controller for path '/k' was not found or does not implement IController.
ERROR 2017-09-21 11:30:46,645  4751ms MvcApplication         Application_Error  - The controller for path '/l' was not found or does not implement IController.
ERROR 2017-09-21 11:32:43,847  4252ms MvcApplication         Application_Error  - The controller for path '/l' was not found or does not implement IController.
ERROR 2017-09-21 11:32:47,337  7742ms MvcApplication         Application_Error  - The controller for path '/qw' was not found or does not implement IController.
ERROR 2017-09-21 11:33:31,523  5164ms MvcApplication         Application_Error  - The controller for path '/k' was not found or does not implement IController.
ERROR 2017-09-21 11:36:15,730 79525ms MvcApplication         Application_Error  - The controller for path '/l' was not found or does not implement IController.
ERROR 2017-09-21 11:49:04,817  4983ms MvcApplication         Application_Error  - The controller for path '/k' was not found or does not implement IController.
ERROR 2017-09-21 11:49:31,224 31391ms MvcApplication         Application_Error  - The controller for path '/lll' was not found or does not implement IController.
ERROR 2017-09-21 11:49:38,530 38696ms MvcApplication         Application_Error  - The controller for path '/;' was not found or does not implement IController.
ERROR 2017-09-21 11:50:00,724  4119ms MvcApplication         Application_Error  - The controller for path '/l' was not found or does not implement IController.
ERROR 2017-09-21 11:50:19,050  4666ms MvcApplication         Application_Error  - The controller for path '/kk' was not found or does not implement IController.
ERROR 2017-09-21 11:55:39,920  5302ms MvcApplication         Application_Error  - The controller for path '/k' was not found or does not implement IController.
ERROR 2017-09-22 01:01:49,195 288597ms MvcApplication         Application_Error  - Cannot insert the value NULL into column 'Title', table 'Schedule.dbo.FinalEvent'; column does not allow nulls. INSERT fails.
The statement has been terminated.
ERROR 2017-09-22 01:03:09,078 368480ms MvcApplication         Application_Error  - Cannot insert the value NULL into column 'Title', table 'Schedule.dbo.FinalEvent'; column does not allow nulls. INSERT fails.
The statement has been terminated.
ERROR 2017-09-22 01:04:49,056 13877ms MvcApplication         Application_Error  - The controller for path '/k' was not found or does not implement IController.
ERROR 2017-09-22 01:05:10,900 35721ms MvcApplication         Application_Error  - Cannot insert the value NULL into column 'Title', table 'Schedule.dbo.FinalEvent'; column does not allow nulls. INSERT fails.
The statement has been terminated.
ERROR 2017-09-22 01:05:52,930 77751ms MvcApplication         Application_Error  - Cannot insert the value NULL into column 'Title', table 'Schedule.dbo.FinalEvent'; column does not allow nulls. INSERT fails.
The statement has been terminated.
ERROR 2017-09-22 22:20:51,591 35853ms MvcApplication         Application_Error  - Cannot insert the value NULL into column 'Title', table 'Schedule.dbo.FinalEvent'; column does not allow nulls. INSERT fails.
The statement has been terminated.
ERROR 2017-09-22 22:33:50,249 22777ms MvcApplication         Application_Error  - Cannot insert the value NULL into column 'Title', table 'Schedule.dbo.FinalEvent'; column does not allow nulls. INSERT fails.
The statement has been terminated.
ERROR 2017-09-22 22:33:59,254 31782ms MvcApplication         Application_Error  - Cannot insert the value NULL into column 'Title', table 'Schedule.dbo.FinalEvent'; column does not allow nulls. INSERT fails.
The statement has been terminated.
ERROR 2017-09-22 23:09:50,148 835471ms MvcApplication         Application_Error  - Cannot insert the value NULL into column 'Title', table 'Schedule.dbo.FinalEvent'; column does not allow nulls. INSERT fails.
The statement has been terminated.
ERROR 2017-09-22 23:38:49,906  5878ms MvcApplication         Application_Error  - Cannot insert the value NULL into column 'Title', table 'Schedule.dbo.FinalEvent'; column does not allow nulls. INSERT fails.
The statement has been terminated.
ERROR 2017-09-22 23:38:53,423  9394ms MvcApplication         Application_Error  - Cannot insert the value NULL into column 'Title', table 'Schedule.dbo.FinalEvent'; column does not allow nulls. INSERT fails.
The statement has been terminated.
ERROR 2017-09-22 23:38:56,295 12266ms MvcApplication         Application_Error  - Cannot insert the value NULL into column 'Title', table 'Schedule.dbo.FinalEvent'; column does not allow nulls. INSERT fails.
The statement has been terminated.
ERROR 2017-09-22 23:38:58,846 14817ms MvcApplication         Application_Error  - Cannot insert the value NULL into column 'Title', table 'Schedule.dbo.FinalEvent'; column does not allow nulls. INSERT fails.
The statement has been terminated.
ERROR 2017-09-22 23:52:54,698 38044ms MvcApplication         Application_Error  - Cannot insert the value NULL into column 'Title', table 'Schedule.dbo.FinalEvent'; column does not allow nulls. INSERT fails.
The statement has been terminated.
ERROR 2017-09-23 00:00:32,737 47759ms MvcApplication         Application_Error  - Cannot insert the value NULL into column 'Title', table 'Schedule.dbo.FinalEvent'; column does not allow nulls. INSERT fails.
The statement has been terminated.
ERROR 2017-09-23 00:05:54,192 72163ms MvcApplication         Application_Error  - Cannot insert the value NULL into column 'Title', table 'Schedule.dbo.FinalEvent'; column does not allow nulls. INSERT fails.
The statement has been terminated.
ERROR 2017-09-23 00:12:50,360  7010ms MvcApplication         Application_Error  - Cannot insert the value NULL into column 'Title', table 'Schedule.dbo.FinalEvent'; column does not allow nulls. INSERT fails.
The statement has been terminated.
ERROR 2017-09-23 00:14:11,259  7209ms MvcApplication         Application_Error  - Cannot insert the value NULL into column 'Title', table 'Schedule.dbo.FinalEvent'; column does not allow nulls. INSERT fails.
The statement has been terminated.
ERROR 2017-09-23 00:18:48,455 12738ms MvcApplication         Application_Error  - Cannot insert the value NULL into column 'Title', table 'Schedule.dbo.FinalEvent'; column does not allow nulls. INSERT fails.
The statement has been terminated.
ERROR 2017-09-23 00:20:59,451 33991ms MvcApplication         Application_Error  - Cannot insert the value NULL into column 'Title', table 'Schedule.dbo.FinalEvent'; column does not allow nulls. INSERT fails.
The statement has been terminated.
ERROR 2017-09-23 00:29:06,801 17666ms MvcApplication         Application_Error  - The view 'CreateEvent' or its master was not found or no view engine supports the searched locations. The following locations were searched:
~/Views/Calendar/CreateEvent.aspx
~/Views/Calendar/CreateEvent.ascx
~/Views/Shared/CreateEvent.aspx
~/Views/Shared/CreateEvent.ascx
~/Views/Calendar/CreateEvent.cshtml
~/Views/Calendar/CreateEvent.vbhtml
~/Views/Shared/CreateEvent.cshtml
~/Views/Shared/CreateEvent.vbhtml
ERROR 2017-09-23 00:29:16,094 26959ms MvcApplication         Application_Error  - The view 'CreateEvent' or its master was not found or no view engine supports the searched locations. The following locations were searched:
~/Views/Calendar/CreateEvent.aspx
~/Views/Calendar/CreateEvent.ascx
~/Views/Shared/CreateEvent.aspx
~/Views/Shared/CreateEvent.ascx
~/Views/Calendar/CreateEvent.cshtml
~/Views/Calendar/CreateEvent.vbhtml
~/Views/Shared/CreateEvent.cshtml
~/Views/Shared/CreateEvent.vbhtml
ERROR 2017-09-23 01:22:54,507  6271ms MvcApplication         Application_Error  - The view 'CreateEvent' or its master was not found or no view engine supports the searched locations. The following locations were searched:
~/Views/Calendar/CreateEvent.aspx
~/Views/Calendar/CreateEvent.ascx
~/Views/Shared/CreateEvent.aspx
~/Views/Shared/CreateEvent.ascx
~/Views/Calendar/CreateEvent.cshtml
~/Views/Calendar/CreateEvent.vbhtml
~/Views/Shared/CreateEvent.cshtml
~/Views/Shared/CreateEvent.vbhtml
ERROR 2017-09-23 01:23:00,563 12327ms MvcApplication         Application_Error  - The view 'CreateEvent' or its master was not found or no view engine supports the searched locations. The following locations were searched:
~/Views/Calendar/CreateEvent.aspx
~/Views/Calendar/CreateEvent.ascx
~/Views/Shared/CreateEvent.aspx
~/Views/Shared/CreateEvent.ascx
~/Views/Calendar/CreateEvent.cshtml
~/Views/Calendar/CreateEvent.vbhtml
~/Views/Shared/CreateEvent.cshtml
~/Views/Shared/CreateEvent.vbhtml
ERROR 2017-09-23 01:32:01,544 261883ms MvcApplication         Application_Error  - The view 'CreateEvent' or its master was not found or no view engine supports the searched locations. The following locations were searched:
~/Views/Calendar/CreateEvent.aspx
~/Views/Calendar/CreateEvent.ascx
~/Views/Shared/CreateEvent.aspx
~/Views/Shared/CreateEvent.ascx
~/Views/Calendar/CreateEvent.cshtml
~/Views/Calendar/CreateEvent.vbhtml
~/Views/Shared/CreateEvent.cshtml
~/Views/Shared/CreateEvent.vbhtml
ERROR 2017-09-24 23:42:22,888 1826773ms MvcApplication         Application_Error  - E:\C#\GIT\Schedule\Views\Shared\_IndexLayout.cshtml(44): error CS1026: ) expected
ERROR 2017-09-24 23:42:33,801 1837687ms MvcApplication         Application_Error  - E:\C#\GIT\Schedule\Views\Shared\_IndexLayout.cshtml(44): error CS1026: ) expected
ERROR 2017-09-25 00:50:42,706 136003ms MvcApplication         Application_Error  - String or binary data would be truncated.
The statement has been terminated.
ERROR 2017-09-25 00:54:49,953 383249ms MvcApplication         Application_Error  - The view 'CreateEvent' or its master was not found or no view engine supports the searched locations. The following locations were searched:
~/Views/Calendar/CreateEvent.aspx
~/Views/Calendar/CreateEvent.ascx
~/Views/Shared/CreateEvent.aspx
~/Views/Shared/CreateEvent.ascx
~/Views/Calendar/CreateEvent.cshtml
~/Views/Calendar/CreateEvent.vbhtml
~/Views/Shared/CreateEvent.cshtml
~/Views/Shared/CreateEvent.vbhtml
ERROR 2017-09-25 20:20:08,675 72285ms MvcApplication         Application_Error  - String or binary data would be truncated.
The statement has been terminated.
ERROR 2017-09-25 20:41:39,331 1362941ms MvcApplication         Application_Error  - A public action method 'IndexTest' was not found on controller 'Schedule.Controllers.NewsController'.
ERROR 2017-09-25 20:42:38,411 1422021ms MvcApplication         Application_Error  - «начение не может быть неопределенным.
»м€ параметра: entity
ERROR 2017-09-25 20:56:22,780  4120ms MvcApplication         Application_Error  - A public action method 'Logout' was not found on controller 'Schedule.Controllers.HomeController'.
ERROR 2017-09-25 20:56:25,484  6825ms MvcApplication         Application_Error  - A public action method 'Logout' was not found on controller 'Schedule.Controllers.ErrorController'.
ERROR 2017-09-25 20:56:25,974  7314ms MvcApplication         Application_Error  - A public action method 'Logout' was not found on controller 'Schedule.Controllers.ErrorController'.
ERROR 2017-09-25 20:56:26,221  7561ms MvcApplication         Application_Error  - A public action method 'Logout' was not found on controller 'Schedule.Controllers.ErrorController'.
ERROR 2017-09-25 20:56:26,426  7766ms MvcApplication         Application_Error  - A public action method 'Logout' was not found on controller 'Schedule.Controllers.ErrorController'.
ERROR 2017-09-25 20:58:08,857 110197ms MvcApplication         Application_Error  - A public action method 'Logout' was not found on controller 'Schedule.Controllers.HomeController'.
ERROR 2017-09-25 20:58:11,836 113177ms MvcApplication         Application_Error  - A public action method 'Logout' was not found on controller 'Schedule.Controllers.HomeController'.
ERROR 2017-09-27 09:07:44,678 74453ms MvcApplication         Application_Error  - —сылка на объект не указывает на экземпл€р объекта.
ERROR 2017-09-27 10:25:04,456 50680ms MvcApplication         Application_Error  - —сылка на объект не указывает на экземпл€р объекта.
ERROR 2017-09-27 10:25:14,471 60695ms MvcApplication         Application_Error  - —сылка на объект не указывает на экземпл€р объекта.
ERROR 2017-09-27 12:07:57,603  5082ms MvcApplication         Application_Error  - The view 'Index' or its master was not found or no view engine supports the searched locations. The following locations were searched:
~/Views/Language/Index.aspx
~/Views/Language/Index.ascx
~/Views/Shared/Index.aspx
~/Views/Shared/Index.ascx
~/Views/Language/Index.cshtml
~/Views/Language/Index.vbhtml
~/Views/Shared/Index.cshtml
~/Views/Shared/Index.vbhtml
ERROR 2017-09-27 12:08:02,833 10312ms MvcApplication         Application_Error  - The view 'Index' or its master was not found or no view engine supports the searched locations. The following locations were searched:
~/Views/Language/Index.aspx
~/Views/Language/Index.ascx
~/Views/Shared/Index.aspx
~/Views/Shared/Index.ascx
~/Views/Language/Index.cshtml
~/Views/Language/Index.vbhtml
~/Views/Shared/Index.cshtml
~/Views/Shared/Index.vbhtml
ERROR 2017-09-27 12:08:04,780 12260ms MvcApplication         Application_Error  - The view 'Index' or its master was not found or no view engine supports the searched locations. The following locations were searched:
~/Views/Language/Index.aspx
~/Views/Language/Index.ascx
~/Views/Shared/Index.aspx
~/Views/Shared/Index.ascx
~/Views/Language/Index.cshtml
~/Views/Language/Index.vbhtml
~/Views/Shared/Index.cshtml
~/Views/Shared/Index.vbhtml
ERROR 2017-09-27 12:10:39,871 167350ms MvcApplication         Application_Error  - The view 'Index' or its master was not found or no view engine supports the searched locations. The following locations were searched:
~/Views/Language/Index.aspx
~/Views/Language/Index.ascx
~/Views/Shared/Index.aspx
~/Views/Shared/Index.ascx
~/Views/Language/Index.cshtml
~/Views/Language/Index.vbhtml
~/Views/Shared/Index.cshtml
~/Views/Shared/Index.vbhtml
ERROR 2017-09-27 12:17:08,129  5244ms MvcApplication         Application_Error  - The view 'Index' or its master was not found or no view engine supports the searched locations. The following locations were searched:
~/Views/Language/Index.aspx
~/Views/Language/Index.ascx
~/Views/Shared/Index.aspx
~/Views/Shared/Index.ascx
~/Views/Language/Index.cshtml
~/Views/Language/Index.vbhtml
~/Views/Shared/Index.cshtml
~/Views/Shared/Index.vbhtml
ERROR 2017-09-27 12:17:18,740 15854ms MvcApplication         Application_Error  - The view 'Index' or its master was not found or no view engine supports the searched locations. The following locations were searched:
~/Views/Language/Index.aspx
~/Views/Language/Index.ascx
~/Views/Shared/Index.aspx
~/Views/Shared/Index.ascx
~/Views/Language/Index.cshtml
~/Views/Language/Index.vbhtml
~/Views/Shared/Index.cshtml
~/Views/Shared/Index.vbhtml
ERROR 2017-09-27 12:18:53,585  6429ms MvcApplication         Application_Error  - The view 'Index' or its master was not found or no view engine supports the searched locations. The following locations were searched:
~/Views/Language/Index.aspx
~/Views/Language/Index.ascx
~/Views/Shared/Index.aspx
~/Views/Shared/Index.ascx
~/Views/Language/Index.cshtml
~/Views/Language/Index.vbhtml
~/Views/Shared/Index.cshtml
~/Views/Shared/Index.vbhtml
ERROR 2017-09-28 22:29:59,818 366730ms MvcApplication         Application_Error  - String or binary data would be truncated.
The statement has been terminated.
ERROR 2017-09-28 23:42:17,930  7826ms MvcApplication         Application_Error  - A public action method '—оздать' was not found on controller 'Schedule.Controllers.NewsController'.
ERROR 2017-09-28 23:42:25,954 15851ms MvcApplication         Application_Error  - A public action method '—оздать' was not found on controller 'Schedule.Controllers.NewsController'.
ERROR 2017-10-01 01:27:34,753 224972ms MvcApplication         Application_Error  - Cannot insert the value NULL into column 'Additional', table 'Schedule.dbo.FinalEvent'; column does not allow nulls. INSERT fails.
The statement has been terminated.
ERROR 2017-10-01 01:27:59,471 249690ms MvcApplication         Application_Error  - Error during serialization or deserialization using the JSON JavaScriptSerializer. The length of the string exceeds the value set on the maxJsonLength property.
ERROR 2017-10-01 01:28:02,163 252382ms MvcApplication         Application_Error  - Error during serialization or deserialization using the JSON JavaScriptSerializer. The length of the string exceeds the value set on the maxJsonLength property.
ERROR 2017-10-01 01:28:03,225 253444ms MvcApplication         Application_Error  - Error during serialization or deserialization using the JSON JavaScriptSerializer. The length of the string exceeds the value set on the maxJsonLength property.
ERROR 2017-10-01 01:28:04,331 254550ms MvcApplication         Application_Error  - Error during serialization or deserialization using the JSON JavaScriptSerializer. The length of the string exceeds the value set on the maxJsonLength property.
ERROR 2017-10-01 01:28:08,017 258236ms MvcApplication         Application_Error  - Error during serialization or deserialization using the JSON JavaScriptSerializer. The length of the string exceeds the value set on the maxJsonLength property.
ERROR 2017-10-01 01:28:12,103 262322ms MvcApplication         Application_Error  - Error during serialization or deserialization using the JSON JavaScriptSerializer. The length of the string exceeds the value set on the maxJsonLength property.
ERROR 2017-10-01 01:28:21,028 271247ms MvcApplication         Application_Error  - Error during serialization or deserialization using the JSON JavaScriptSerializer. The length of the string exceeds the value set on the maxJsonLength property.
ERROR 2017-10-01 01:28:22,036 272255ms MvcApplication         Application_Error  - Error during serialization or deserialization using the JSON JavaScriptSerializer. The length of the string exceeds the value set on the maxJsonLength property.
ERROR 2017-10-01 01:28:25,411 275630ms MvcApplication         Application_Error  - Error during serialization or deserialization using the JSON JavaScriptSerializer. The length of the string exceeds the value set on the maxJsonLength property.
ERROR 2017-10-01 01:28:27,368 277587ms MvcApplication         Application_Error  - Error during serialization or deserialization using the JSON JavaScriptSerializer. The length of the string exceeds the value set on the maxJsonLength property.
ERROR 2017-10-01 01:28:34,651 284870ms MvcApplication         Application_Error  - Error during serialization or deserialization using the JSON JavaScriptSerializer. The length of the string exceeds the value set on the maxJsonLength property.
ERROR 2017-10-01 01:28:38,680 288899ms MvcApplication         Application_Error  - Error during serialization or deserialization using the JSON JavaScriptSerializer. The length of the string exceeds the value set on the maxJsonLength property.
ERROR 2017-10-01 01:28:44,485 294704ms MvcApplication         Application_Error  - Error during serialization or deserialization using the JSON JavaScriptSerializer. The length of the string exceeds the value set on the maxJsonLength property.
ERROR 2017-10-01 01:33:47,191 24171ms MvcApplication         Application_Error  - Object reference not set to an instance of an object.
ERROR 2017-10-01 01:37:11,166 11388ms MvcApplication         Application_Error  - Object reference not set to an instance of an object.
ERROR 2017-10-01 01:44:42,348 160551ms MvcApplication         Application_Error  - Error during serialization or deserialization using the JSON JavaScriptSerializer. The length of the string exceeds the value set on the maxJsonLength property.
ERROR 2017-10-01 01:44:50,503 168706ms MvcApplication         Application_Error  - Error during serialization or deserialization using the JSON JavaScriptSerializer. The length of the string exceeds the value set on the maxJsonLength property.
ERROR 2017-10-01 01:44:52,040 170243ms MvcApplication         Application_Error  - Error during serialization or deserialization using the JSON JavaScriptSerializer. The length of the string exceeds the value set on the maxJsonLength property.
ERROR 2017-10-01 01:44:54,282 172485ms MvcApplication         Application_Error  - Error during serialization or deserialization using the JSON JavaScriptSerializer. The length of the string exceeds the value set on the maxJsonLength property.
ERROR 2017-10-01 02:04:15,432 10793ms MvcApplication         Application_Error  - Error during serialization or deserialization using the JSON JavaScriptSerializer. The length of the string exceeds the value set on the maxJsonLength property.
